<?xml version="1.0" encoding="UTF-8"?>
<!-- Generated by org.testng.reporters.JUnitXMLReporter -->
<testsuite ignored="0" hostname="DESKTOP-7R54CV9" failures="1" tests="11" name="Test" time="52.248" errors="0" timestamp="2023-01-08T17:08:58 IST">
  <testcase classname="com.mystore.testcases.TS01_RegistrationFunctionalityTest" name="verifyUserRegistration" time="4.642"/>
  <testcase classname="com.mystore.testcases.TS01_RegistrationFunctionalityTest" name="verifyFirstnameWithBlankData" time="2.003"/>
  <testcase classname="com.mystore.testcases.TS01_RegistrationFunctionalityTest" name="verifylastnameWithBlankData" time="1.9"/>
  <testcase classname="com.mystore.testcases.TS01_RegistrationFunctionalityTest" name="verifyEmailWithBlankData" time="1.871"/>
  <testcase classname="com.mystore.testcases.TS01_RegistrationFunctionalityTest" name="verifyPasswordWithBlankData" time="1.931"/>
  <testcase classname="com.mystore.testcases.TS01_RegistrationFunctionalityTest" name="verifyConfirmPasswordWithBlankData" time="2.001"/>
  <testcase classname="com.mystore.testcases.TS02_LoginFunctionalityTest" name="verifyLoginWithValidData" time="23.13">
    <failure type="org.openqa.selenium.TimeoutException" message="Expected condition failed: waiting for visibility of Proxy element for: DefaultElementLocator &amp;apos;By.xpath: //div[@class=&amp;apos;topic-block-title&amp;apos;]//h2[text()=&amp;apos;Welcome to our store&amp;apos;]&amp;apos; (tried for 10 second(s) with 500 milliseconds interval)">
      <![CDATA[org.openqa.selenium.TimeoutException: Expected condition failed: waiting for visibility of Proxy element for: DefaultElementLocator 'By.xpath: //div[@class='topic-block-title']//h2[text()='Welcome to our store']' (tried for 10 second(s) with 500 milliseconds interval)
at org.openqa.selenium.support.ui.WebDriverWait.timeoutException(WebDriverWait.java:87)
at org.openqa.selenium.support.ui.FluentWait.until(FluentWait.java:231)
at com.mystore.pageobject.LoginPage.getWelcomeMsg(LoginPage.java:57)
at com.mystore.testcases.TS02_LoginFunctionalityTest.verifyLoginWithValidData(TS02_LoginFunctionalityTest.java:20)
at java.base/java.util.ArrayList.forEach(ArrayList.java:1511)
Caused by: org.openqa.selenium.NoSuchElementException: no such element: Unable to locate element: {"method":"xpath","selector":"//div[@class='topic-block-title']//h2[text()='Welcome to our store']"}
  (Session info: chrome=108.0.5359.125)
For documentation on this error, please visit: https://selenium.dev/exceptions/#no_such_element
Build info: version: '4.3.0', revision: 'a4995e2c09*'
System info: host: 'DESKTOP-7R54CV9', ip: '192.168.1.2', os.name: 'Windows 10', os.arch: 'amd64', os.version: '10.0', java.version: '18.0.2'
Driver info: org.openqa.selenium.chrome.ChromeDriver
Command: [2621193630fad433c64ab820fe19e57d, findElement {using=xpath, value=//div[@class='topic-block-title']//h2[text()='Welcome to our store']}]
Capabilities {acceptInsecureCerts: false, browserName: chrome, browserVersion: 108.0.5359.125, chrome: {chromedriverVersion: 108.0.5359.71 (1e0e3868ee06..., userDataDir: C:\Users\Admin\AppData\Loca...}, goog:chromeOptions: {debuggerAddress: localhost:52454}, networkConnectionEnabled: false, pageLoadStrategy: normal, platformName: WINDOWS, proxy: Proxy(), se:cdp: ws://localhost:52454/devtoo..., se:cdpVersion: 108.0.5359.125, setWindowRect: true, strictFileInteractability: false, timeouts: {implicit: 0, pageLoad: 300000, script: 30000}, unhandledPromptBehavior: dismiss and notify, webauthn:extension:credBlob: true, webauthn:extension:largeBlob: true, webauthn:virtualAuthenticators: true}
Session ID: 2621193630fad433c64ab820fe19e57d
at org.openqa.selenium.remote.codec.w3c.W3CHttpResponseCodec.createException(W3CHttpResponseCodec.java:200)
at org.openqa.selenium.remote.codec.w3c.W3CHttpResponseCodec.decode(W3CHttpResponseCodec.java:133)
at org.openqa.selenium.remote.codec.w3c.W3CHttpResponseCodec.decode(W3CHttpResponseCodec.java:53)
at org.openqa.selenium.remote.HttpCommandExecutor.execute(HttpCommandExecutor.java:184)
at org.openqa.selenium.remote.service.DriverCommandExecutor.invokeExecute(DriverCommandExecutor.java:167)
at org.openqa.selenium.remote.service.DriverCommandExecutor.execute(DriverCommandExecutor.java:142)
at org.openqa.selenium.remote.RemoteWebDriver.execute(RemoteWebDriver.java:569)
at org.openqa.selenium.remote.ElementLocation$ElementFinder$2.findElement(ElementLocation.java:162)
at org.openqa.selenium.remote.ElementLocation.findElement(ElementLocation.java:60)
at org.openqa.selenium.remote.RemoteWebDriver.findElement(RemoteWebDriver.java:387)
at org.openqa.selenium.remote.RemoteWebDriver.findElement(RemoteWebDriver.java:379)
at org.openqa.selenium.support.pagefactory.DefaultElementLocator.findElement(DefaultElementLocator.java:70)
at org.openqa.selenium.support.pagefactory.internal.LocatingElementHandler.invoke(LocatingElementHandler.java:39)
at jdk.proxy2/jdk.proxy2.$Proxy20.isDisplayed(Unknown Source)
at org.openqa.selenium.support.ui.ExpectedConditions.elementIfVisible(ExpectedConditions.java:307)
at org.openqa.selenium.support.ui.ExpectedConditions.access$000(ExpectedConditions.java:40)
at org.openqa.selenium.support.ui.ExpectedConditions$10.apply(ExpectedConditions.java:293)
at org.openqa.selenium.support.ui.ExpectedConditions$10.apply(ExpectedConditions.java:290)
at org.openqa.selenium.support.ui.FluentWait.until(FluentWait.java:208)
... 28 more
... Removed 28 stack frames]]>
    </failure>
  </testcase> <!-- verifyLoginWithValidData -->
  <testcase classname="com.mystore.testcases.TS02_LoginFunctionalityTest" name="verifyLoginWithInvalidData" time="1.412"/>
  <testcase classname="com.mystore.testcases.TS02_LoginFunctionalityTest" name="verifyLoginWithInvalidDataWithValidEmailOnly" time="1.432"/>
  <testcase classname="com.mystore.testcases.TS02_LoginFunctionalityTest" name="verifyLoginWithInvalidDataWithValidPasswordOnly" time="1.442"/>
  <testcase classname="com.mystore.testcases.TS02_LoginFunctionalityTest" name="verifyLoginWithBlankDataInEmailField" time="0.796"/>
</testsuite> <!-- Test -->
